<?xml version="1.0" encoding="UTF-8"?>
<testsuite name="com.trains.queries.Query8Test" tests="2" skipped="0" failures="0" errors="0" timestamp="2018-11-06T04:07:57" hostname="Showzeb-Pc" time="0.0">
  <properties/>
  <testcase name="onRouteExists" classname="com.trains.queries.Query8Test" time="0.0"/>
  <testcase name="onNoRouteExists" classname="com.trains.queries.Query8Test" time="0.0"/>
  <system-out><![CDATA[]]></system-out>
  <system-err><![CDATA[]]></system-err>
</testsuite>
