<?xml version="1.0" encoding="UTF-8"?>
<testsuite name="com.trains.queries.Query4Test" tests="2" skipped="0" failures="0" errors="0" timestamp="2018-11-06T18:47:43" hostname="Showzeb-Pc" time="0.001">
  <properties/>
  <testcase name="onRouteExists" classname="com.trains.queries.Query4Test" time="0.001"/>
  <testcase name="onNoRouteExists" classname="com.trains.queries.Query4Test" time="0.0"/>
  <system-out><![CDATA[]]></system-out>
  <system-err><![CDATA[]]></system-err>
</testsuite>
