<?xml version="1.0" encoding="UTF-8"?>
<testsuite name="com.trains.GraphTest" tests="1" skipped="0" failures="0" errors="0" timestamp="2018-11-06T18:47:43" hostname="Showzeb-Pc" time="0.001">
  <properties/>
  <testcase name="init" classname="com.trains.GraphTest" time="0.001"/>
  <system-out><![CDATA[]]></system-out>
  <system-err><![CDATA[]]></system-err>
</testsuite>
